# JRE version: OpenJDK Runtime Environment (8.0_152-b02) (build 1.8.0_152-release-1024-b02)
# Java VM: OpenJDK 64-Bit Server VM (25.152-b02 mixed mode windows-amd64 compressed oops)
Heap:
 PSYoungGen      total 14848K, used 1370K [0x00000000feb00000, 0x0000000100000000, 0x0000000100000000)
  eden space 8192K, 13% used [0x00000000feb00000,0x00000000fec1e9b0,0x00000000ff300000)
  from space 6656K, 3% used [0x00000000ff300000,0x00000000ff338000,0x00000000ff980000)
  to   space 6656K, 0% used [0x00000000ff980000,0x00000000ff980000,0x0000000100000000)
 ParOldGen       total 44032K, used 7775K [0x00000000fc000000, 0x00000000feb00000, 0x00000000feb00000)
  object space 44032K, 17% used [0x00000000fc000000,0x00000000fc797de0,0x00000000feb00000)
 Metaspace       used 8052K, capacity 8292K, committed 8448K, reserved 1056768K
  class space    used 909K, capacity 1002K, committed 1024K, reserved 1048576K
GC Heap History (10 events):
Event: 1.400 GC heap before
{Heap before GC invocations=5 (full 0):
 PSYoungGen      total 18944K, used 18938K [0x00000000feb00000, 0x0000000100000000, 0x0000000100000000)
  eden space 16384K, 100% used [0x00000000feb00000,0x00000000ffb00000,0x00000000ffb00000)
  from space 2560K, 99% used [0x00000000ffd80000,0x00000000ffffe830,0x0000000100000000)
  to   space 2560K, 0% used [0x00000000ffb00000,0x00000000ffb00000,0x00000000ffd80000)
 ParOldGen       total 44032K, used 4996K [0x00000000fc000000, 0x00000000feb00000, 0x00000000feb00000)
  object space 44032K, 11% used [0x00000000fc000000,0x00000000fc4e12b0,0x00000000feb00000)
 Metaspace       used 7988K, capacity 8228K, committed 8448K, reserved 1056768K
  class space    used 902K, capacity 1002K, committed 1024K, reserved 1048576K
Event: 1.406 GC heap after
Heap after GC invocations=5 (full 0):
 PSYoungGen      total 18944K, used 2554K [0x00000000feb00000, 0x0000000100000000, 0x0000000100000000)
  eden space 16384K, 0% used [0x00000000feb00000,0x00000000feb00000,0x00000000ffb00000)
  from space 2560K, 99% used [0x00000000ffb00000,0x00000000ffd7e830,0x00000000ffd80000)
  to   space 2560K, 0% used [0x00000000ffd80000,0x00000000ffd80000,0x0000000100000000)
 ParOldGen       total 44032K, used 5236K [0x00000000fc000000, 0x00000000feb00000, 0x00000000feb00000)
  object space 44032K, 11% used [0x00000000fc000000,0x00000000fc51d2b0,0x00000000feb00000)
 Metaspace       used 7988K, capacity 8228K, committed 8448K, reserved 1056768K
  class space    used 902K, capacity 1002K, committed 1024K, reserved 1048576K
}
Event: 1.528 GC heap before
{Heap before GC invocations=6 (full 0):
 PSYoungGen      total 18944K, used 18938K [0x00000000feb00000, 0x0000000100000000, 0x0000000100000000)
  eden space 16384K, 100% used [0x00000000feb00000,0x00000000ffb00000,0x00000000ffb00000)
  from space 2560K, 99% used [0x00000000ffb00000,0x00000000ffd7e830,0x00000000ffd80000)
  to   space 2560K, 0% used [0x00000000ffd80000,0x00000000ffd80000,0x0000000100000000)
 ParOldGen       total 44032K, used 5236K [0x00000000fc000000, 0x00000000feb00000, 0x00000000feb00000)
  object space 44032K, 11% used [0x00000000fc000000,0x00000000fc51d2b0,0x00000000feb00000)
 Metaspace       used 8012K, capacity 8228K, committed 8448K, reserved 1056768K
  class space    used 904K, capacity 1002K, committed 1024K, reserved 1048576K
Event: 1.533 GC heap after
Heap after GC invocations=6 (full 0):
 PSYoungGen      total 11776K, used 2539K [0x00000000feb00000, 0x0000000100000000, 0x0000000100000000)
  eden space 9216K, 0% used [0x00000000feb00000,0x00000000feb00000,0x00000000ff400000)
  from space 2560K, 99% used [0x00000000ffd80000,0x00000000ffffaed0,0x0000000100000000)
  to   space 6144K, 0% used [0x00000000ff400000,0x00000000ff400000,0x00000000ffa00000)
 ParOldGen       total 44032K, used 5436K [0x00000000fc000000, 0x00000000feb00000, 0x00000000feb00000)
  object space 44032K, 12% used [0x00000000fc000000,0x00000000fc54f2b0,0x00000000feb00000)
 Metaspace       used 8012K, capacity 8228K, committed 8448K, reserved 1056768K
  class space    used 904K, capacity 1002K, committed 1024K, reserved 1048576K
}
Event: 1.591 GC heap before
{Heap before GC invocations=7 (full 0):
 PSYoungGen      total 11776K, used 11755K [0x00000000feb00000, 0x0000000100000000, 0x0000000100000000)
  eden space 9216K, 100% used [0x00000000feb00000,0x00000000ff400000,0x00000000ff400000)
  from space 2560K, 99% used [0x00000000ffd80000,0x00000000ffffaed0,0x0000000100000000)
  to   space 6144K, 0% used [0x00000000ff400000,0x00000000ff400000,0x00000000ffa00000)
 ParOldGen       total 44032K, used 5436K [0x00000000fc000000, 0x00000000feb00000, 0x00000000feb00000)
  object space 44032K, 12% used [0x00000000fc000000,0x00000000fc54f2b0,0x00000000feb00000)
 Metaspace       used 8023K, capacity 8292K, committed 8448K, reserved 1056768K
  class space    used 904K, capacity 1002K, committed 1024K, reserved 1048576K
Event: 1.600 GC heap after
Heap after GC invocations=7 (full 0):
 PSYoungGen      total 9728K, used 480K [0x00000000feb00000, 0x0000000100000000, 0x0000000100000000)
  eden space 9216K, 0% used [0x00000000feb00000,0x00000000feb00000,0x00000000ff400000)
  from space 512K, 93% used [0x00000000ff400000,0x00000000ff478000,0x00000000ff480000)
  to   space 6656K, 0% used [0x00000000ff980000,0x00000000ff980000,0x0000000100000000)
 ParOldGen       total 44032K, used 7575K [0x00000000fc000000, 0x00000000feb00000, 0x00000000feb00000)
  object space 44032K, 17% used [0x00000000fc000000,0x00000000fc765dd0,0x00000000feb00000)
 Metaspace       used 8023K, capacity 8292K, committed 8448K, reserved 1056768K
  class space    used 904K, capacity 1002K, committed 1024K, reserved 1048576K
}
Event: 1.665 GC heap before
{Heap before GC invocations=8 (full 0):
 PSYoungGen      total 9728K, used 9696K [0x00000000feb00000, 0x0000000100000000, 0x0000000100000000)
  eden space 9216K, 100% used [0x00000000feb00000,0x00000000ff400000,0x00000000ff400000)
  from space 512K, 93% used [0x00000000ff400000,0x00000000ff478000,0x00000000ff480000)
  to   space 6656K, 0% used [0x00000000ff980000,0x00000000ff980000,0x0000000100000000)
 ParOldGen       total 44032K, used 7575K [0x00000000fc000000, 0x00000000feb00000, 0x00000000feb00000)
  object space 44032K, 17% used [0x00000000fc000000,0x00000000fc765dd0,0x00000000feb00000)
 Metaspace       used 8027K, capacity 8292K, committed 8448K, reserved 1056768K
  class space    used 904K, capacity 1002K, committed 1024K, reserved 1048576K
Event: 1.666 GC heap after
Heap after GC invocations=8 (full 0):
 PSYoungGen      total 14848K, used 504K [0x00000000feb00000, 0x0000000100000000, 0x0000000100000000)
  eden space 8192K, 0% used [0x00000000feb00000,0x00000000feb00000,0x00000000ff300000)
  from space 6656K, 7% used [0x00000000ff980000,0x00000000ff9fe260,0x0000000100000000)
  to   space 6656K, 0% used [0x00000000ff300000,0x00000000ff300000,0x00000000ff980000)
 ParOldGen       total 44032K, used 7663K [0x00000000fc000000, 0x00000000feb00000, 0x00000000feb00000)
  object space 44032K, 17% used [0x00000000fc000000,0x00000000fc77bdd0,0x00000000feb00000)
 Metaspace       used 8027K, capacity 8292K, committed 8448K, reserved 1056768K
  class space    used 904K, capacity 1002K, committed 1024K, reserved 1048576K
}
Event: 1.722 GC heap before
{Heap before GC invocations=9 (full 0):
 PSYoungGen      total 14848K, used 8696K [0x00000000feb00000, 0x0000000100000000, 0x0000000100000000)
  eden space 8192K, 100% used [0x00000000feb00000,0x00000000ff300000,0x00000000ff300000)
  from space 6656K, 7% used [0x00000000ff980000,0x00000000ff9fe260,0x0000000100000000)
  to   space 6656K, 0% used [0x00000000ff300000,0x00000000ff300000,0x00000000ff980000)
 ParOldGen       total 44032K, used 7663K [0x00000000fc000000, 0x00000000feb00000, 0x00000000feb00000)
  object space 44032K, 17% used [0x00000000fc000000,0x00000000fc77bdd0,0x00000000feb00000)
 Metaspace       used 8027K, capacity 8292K, committed 8448K, reserved 1056768K
  class space    used 904K, capacity 1002K, committed 1024K, reserved 1048576K
Event: 1.722 GC heap after
Heap after GC invocations=9 (full 0):
 PSYoungGen      total 14848K, used 224K [0x00000000feb00000, 0x0000000100000000, 0x0000000100000000)
  eden space 8192K, 0% used [0x00000000feb00000,0x00000000feb00000,0x00000000ff300000)
  from space 6656K, 3% used [0x00000000ff300000,0x00000000ff338000,0x00000000ff980000)
  to   space 6656K, 0% used [0x00000000ff980000,0x00000000ff980000,0x0000000100000000)
 ParOldGen       total 44032K, used 7775K [0x00000000fc000000, 0x00000000feb00000, 0x00000000feb00000)
  object space 44032K, 17% used [0x00000000fc000000,0x00000000fc797de0,0x00000000feb00000)
 Metaspace       used 8027K, capacity 8292K, committed 8448K, reserved 1056768K
  class space    used 904K, capacity 1002K, committed 1024K, reserved 1048576K
}

